<?xml version="1.0" encoding="UTF-8"?>
<robot generator="Robot 3.1.2 (Python 3.7.6rc1 on win32)" generated="20191228 19:27:27.572" rpa="false">
<suite id="s1" name="Run All" source="D:\_Projects\MazeRunner_2020\MazeRunner\MazeRunner\Teams\ReferenceSolutionBreadthFirst\run_all.robot">
<test id="s1-t1" name="RunMaze">
<kw name="Broker Start" library="BrokerLibrary">
<status status="PASS" starttime="20191228 19:27:27.632" endtime="20191228 19:27:27.638"></status>
</kw>
<kw name="Gui Start" library="MazeGuiLibrary">
<status status="PASS" starttime="20191228 19:27:27.639" endtime="20191228 19:27:27.645"></status>
</kw>
<kw name="Breadthfirstreference Start" library="BreadthFirstReferenceSolverLibrary">
<status status="PASS" starttime="20191228 19:27:27.646" endtime="20191228 19:27:27.655"></status>
</kw>
<kw name="Connect" library="MQTTLibrary">
<doc>Connect to an MQTT broker. This is a pre-requisite step for publish
and subscribe keywords.</doc>
<arguments>
<arg>127.0.0.1</arg>
</arguments>
<msg timestamp="20191228 19:27:27.656" level="INFO">Connecting to 127.0.0.1 at port 1883</msg>
<status status="PASS" starttime="20191228 19:27:27.656" endtime="20191228 19:27:27.664"></status>
</kw>
<kw name="Sleep" library="BuiltIn">
<doc>Pauses the test executed for the given time.</doc>
<arguments>
<arg>2s</arg>
</arguments>
<msg timestamp="20191228 19:27:29.666" level="INFO">Slept 2 seconds</msg>
<status status="PASS" starttime="20191228 19:27:27.664" endtime="20191228 19:27:29.666"></status>
</kw>
<kw name="Generator Load" library="GeneratorLibrary">
<arguments>
<arg>../../MazeExamples/maze1.txt</arg>
</arguments>
<msg timestamp="20191228 19:27:30.144" level="INFO">Generator run</msg>
<status status="PASS" starttime="20191228 19:27:29.666" endtime="20191228 19:27:30.145"></status>
</kw>
<kw name="Sleep" library="BuiltIn">
<doc>Pauses the test executed for the given time.</doc>
<arguments>
<arg>5s</arg>
</arguments>
<msg timestamp="20191228 19:27:35.148" level="INFO">Slept 5 seconds</msg>
<status status="PASS" starttime="20191228 19:27:30.146" endtime="20191228 19:27:35.148"></status>
</kw>
<kw name="Publish" library="MQTTLibrary">
<doc>Publish a message to a topic with specified qos and retained flag.
It is required that a connection has been established using `Connect`
keyword before using this keyword.</doc>
<arguments>
<arg>topic=/maze</arg>
<arg>message=solve</arg>
</arguments>
<msg timestamp="20191228 19:27:35.159" level="INFO">Publish topic: /maze, message: solve, qos: 0, retain: False</msg>
<status status="PASS" starttime="20191228 19:27:35.158" endtime="20191228 19:27:35.160"></status>
</kw>
<kw name="Sleep" library="BuiltIn">
<doc>Pauses the test executed for the given time.</doc>
<arguments>
<arg>200s</arg>
</arguments>
<msg timestamp="20191228 19:30:55.169" level="INFO">Slept 3 minutes 20 seconds</msg>
<status status="PASS" starttime="20191228 19:27:35.163" endtime="20191228 19:30:55.169"></status>
</kw>
<status status="PASS" starttime="20191228 19:27:27.632" endtime="20191228 19:30:55.175" critical="yes"></status>
</test>
<doc>Example test cases using the keyword-driven testing approach.

All tests contain a workflow constructed from keywords in
``CalculatorLibrary.py``. Creating new tests or editing
existing is easy even for people without programming skills.

The _keyword-driven_ appoach works well for normal test
automation, but the _gherkin_ style might be even better
if also business people need to understand tests. If the
same workflow needs to repeated multiple times, it is best
to use to the _data-driven_ approach.
Start command: robot &lt;robotfile&gt; , e.g. robot keyword_driven.robot
dtrhreth</doc>
<status status="PASS" starttime="20191228 19:27:27.573" endtime="20191228 19:30:55.178"></status>
</suite>
<statistics>
<total>
<stat pass="1" fail="0">Critical Tests</stat>
<stat pass="1" fail="0">All Tests</stat>
</total>
<tag>
</tag>
<suite>
<stat pass="1" fail="0" id="s1" name="Run All">Run All</stat>
</suite>
</statistics>
<errors>
</errors>
</robot>
