<?xml version="1.0" encoding="UTF-8"?>
<robot generator="Robot 3.1.2 (Python 3.7.6rc1 on win32)" generated="20191223 15:14:30.287" rpa="false">
<suite id="s1" name="Run Unit Test" source="D:\_Projects\MazeRunner_2020\MazeRunner\MazeRunner\Teams\TeamTemplate\run_unit_test.robot">
<test id="s1-t1" name="ExecuteUnitTest">
<kw name="Create Directory" library="OperatingSystem">
<doc>Creates the specified directory.</doc>
<arguments>
<arg>D:\\_Projects\\MazeRunner_2020\\MazeRunner\\MazeRunner\\Teams\\TeamTemplate/_tmp_unit_test_result</arg>
</arguments>
<msg timestamp="20191223 15:14:30.334" level="INFO" html="yes">Directory '&lt;a href="file://D:\_Projects\MazeRunner_2020\MazeRunner\MazeRunner\Teams\TeamTemplate\_tmp_unit_test_result"&gt;D:\_Projects\MazeRunner_2020\MazeRunner\MazeRunner\Teams\TeamTemplate\_tmp_unit_test_result&lt;/a&gt;' already exists.</msg>
<status status="PASS" starttime="20191223 15:14:30.334" endtime="20191223 15:14:30.334"></status>
</kw>
<kw name="Empty Directory" library="OperatingSystem">
<doc>Deletes all the content from the given directory.</doc>
<arguments>
<arg>D:\\_Projects\\MazeRunner_2020\\MazeRunner\\MazeRunner\\Teams\\TeamTemplate/_tmp_unit_test_result</arg>
</arguments>
<msg timestamp="20191223 15:14:30.334" level="INFO" html="yes">Listing contents of directory '&lt;a href="file://D:\_Projects\MazeRunner_2020\MazeRunner\MazeRunner\Teams\TeamTemplate\_tmp_unit_test_result"&gt;D:\_Projects\MazeRunner_2020\MazeRunner\MazeRunner\Teams\TeamTemplate\_tmp_unit_test_result&lt;/a&gt;'.</msg>
<msg timestamp="20191223 15:14:30.334" level="INFO" html="yes">Emptied directory '&lt;a href="file://D:\_Projects\MazeRunner_2020\MazeRunner\MazeRunner\Teams\TeamTemplate\_tmp_unit_test_result"&gt;D:\_Projects\MazeRunner_2020\MazeRunner\MazeRunner\Teams\TeamTemplate\_tmp_unit_test_result&lt;/a&gt;'.</msg>
<status status="PASS" starttime="20191223 15:14:30.334" endtime="20191223 15:14:30.334"></status>
</kw>
<kw name="Run Process" library="Process">
<doc>Runs a process and waits for it to complete.</doc>
<arguments>
<arg>pytest</arg>
<arg>cwd=D:\\_Projects\\MazeRunner_2020\\MazeRunner\\MazeRunner\\Teams\\TeamTemplate/tests</arg>
<arg>stderr=STDOUT</arg>
<arg>stdout=D:\\_Projects\\MazeRunner_2020\\MazeRunner\\MazeRunner\\Teams\\TeamTemplate/_tmp_unit_test_result/UnitTestResult.txt</arg>
</arguments>
<assign>
<var>${result}</var>
</assign>
<msg timestamp="20191223 15:14:30.334" level="INFO">Starting process:
pytest</msg>
<msg timestamp="20191223 15:14:30.350" level="INFO">Waiting for process to complete.</msg>
<msg timestamp="20191223 15:14:31.471" level="INFO">Process completed.</msg>
<msg timestamp="20191223 15:14:31.471" level="INFO">${result} = &lt;result object with rc 0&gt;</msg>
<status status="PASS" starttime="20191223 15:14:30.334" endtime="20191223 15:14:31.471"></status>
</kw>
<kw name="Get File" library="OperatingSystem">
<doc>Returns the contents of a specified file.</doc>
<arguments>
<arg>D:\\_Projects\\MazeRunner_2020\\MazeRunner\\MazeRunner\\Teams\\TeamTemplate/_tmp_unit_test_result/UnitTestResult.txt</arg>
</arguments>
<assign>
<var>${logtext}</var>
</assign>
<msg timestamp="20191223 15:14:31.471" level="INFO" html="yes">Getting file '&lt;a href="file://D:\_Projects\MazeRunner_2020\MazeRunner\MazeRunner\Teams\TeamTemplate\_tmp_unit_test_result\UnitTestResult.txt"&gt;D:\_Projects\MazeRunner_2020\MazeRunner\MazeRunner\Teams\TeamTemplate\_tmp_unit_test_result\UnitTestResult.txt&lt;/a&gt;'.</msg>
<msg timestamp="20191223 15:14:31.471" level="INFO">${logtext} = ============================= test session starts =============================
platform win32 -- Python 3.7.6rc1, pytest-5.3.2, py-1.8.0, pluggy-0.13.1
rootdir: D:\_Projects\MazeRunner_2020\MazeRunne...</msg>
<status status="PASS" starttime="20191223 15:14:31.471" endtime="20191223 15:14:31.471"></status>
</kw>
<kw name="Run Keyword If" library="BuiltIn">
<doc>Runs the given keyword with the given arguments, if ``condition`` is true.</doc>
<arguments>
<arg>${result.rc} is not 0</arg>
<arg>Log</arg>
<arg>\n ${logtext}</arg>
<arg>console=${True}</arg>
</arguments>
<status status="PASS" starttime="20191223 15:14:31.471" endtime="20191223 15:14:31.471"></status>
</kw>
<kw name="Run Keyword If" library="BuiltIn">
<doc>Runs the given keyword with the given arguments, if ``condition`` is true.</doc>
<arguments>
<arg>${result.rc} is not 0</arg>
<arg>Fatal Error</arg>
<arg>\nPytest exist with error! Please check the unittest!\n</arg>
</arguments>
<status status="PASS" starttime="20191223 15:14:31.471" endtime="20191223 15:14:31.471"></status>
</kw>
<kw name="Run Process" library="Process">
<doc>Runs a process and waits for it to complete.</doc>
<arguments>
<arg>coverage</arg>
<arg>run</arg>
<arg>-m</arg>
<arg>pytest</arg>
<arg>cwd=D:\\_Projects\\MazeRunner_2020\\MazeRunner\\MazeRunner\\Teams\\TeamTemplate/tests</arg>
<arg>env:COVERAGE_FILE=D:\\_Projects\\MazeRunner_2020\\MazeRunner\\MazeRunner\\Teams\\TeamTemplate/tests/.coverage</arg>
</arguments>
<msg timestamp="20191223 15:14:31.471" level="INFO">Starting process:
coverage run -m pytest</msg>
<msg timestamp="20191223 15:14:31.481" level="INFO">Waiting for process to complete.</msg>
<msg timestamp="20191223 15:14:32.737" level="INFO">Process completed.</msg>
<status status="PASS" starttime="20191223 15:14:31.471" endtime="20191223 15:14:32.737"></status>
</kw>
<kw name="Run Process" library="Process">
<doc>Runs a process and waits for it to complete.</doc>
<arguments>
<arg>coverage</arg>
<arg>report</arg>
<arg>-m</arg>
<arg>cwd=D:\\_Projects\\MazeRunner_2020\\MazeRunner\\MazeRunner\\Teams\\TeamTemplate/tests</arg>
<arg>env:COVERAGE_FILE=D:\\_Projects\\MazeRunner_2020\\MazeRunner\\MazeRunner\\Teams\\TeamTemplate/tests/.coverage</arg>
<arg>stdout=D:\\_Projects\\MazeRunner_2020\\MazeRunner\\MazeRunner\\Teams\\TeamTemplate/_tmp_unit_test_result/CoverageUnitTestResult.txt</arg>
</arguments>
<msg timestamp="20191223 15:14:32.737" level="INFO">Starting process:
coverage report -m</msg>
<msg timestamp="20191223 15:14:32.744" level="INFO">Waiting for process to complete.</msg>
<msg timestamp="20191223 15:14:32.909" level="INFO">Process completed.</msg>
<status status="PASS" starttime="20191223 15:14:32.737" endtime="20191223 15:14:32.909"></status>
</kw>
<kw name="Get File" library="OperatingSystem">
<doc>Returns the contents of a specified file.</doc>
<arguments>
<arg>D:\\_Projects\\MazeRunner_2020\\MazeRunner\\MazeRunner\\Teams\\TeamTemplate/_tmp_unit_test_result/CoverageUnitTestResult.txt</arg>
</arguments>
<assign>
<var>${result}</var>
</assign>
<msg timestamp="20191223 15:14:32.909" level="INFO" html="yes">Getting file '&lt;a href="file://D:\_Projects\MazeRunner_2020\MazeRunner\MazeRunner\Teams\TeamTemplate\_tmp_unit_test_result\CoverageUnitTestResult.txt"&gt;D:\_Projects\MazeRunner_2020\MazeRunner\MazeRunner\Teams\TeamTemplate\_tmp_unit_test_result\CoverageUnitTestResult.txt&lt;/a&gt;'.</msg>
<msg timestamp="20191223 15:14:32.909" level="INFO">${result} = Name                                                                                          Stmts   Miss  Cover   Missing
----------------------------------------------------------------------------...</msg>
<status status="PASS" starttime="20191223 15:14:32.909" endtime="20191223 15:14:32.909"></status>
</kw>
<kw name="Log" library="BuiltIn">
<doc>Logs the given message with the given level.</doc>
<arguments>
<arg>\n ${result}</arg>
<arg>console=${True}</arg>
</arguments>
<msg timestamp="20191223 15:14:32.909" level="INFO">
Name                                                                                          Stmts   Miss  Cover   Missing
---------------------------------------------------------------------------------------------------------------------------
D:\_Projects\MazeRunner_2020\MazeRunner\MazeRunner\Teams\TeamTemplate\TeamTemplateClient.py      30     11    63%   14, 44, 51, 60, 69, 73-79
</msg>
<status status="PASS" starttime="20191223 15:14:32.909" endtime="20191223 15:14:32.909"></status>
</kw>
<kw name="Remove Files" library="OperatingSystem">
<doc>Uses `Remove File` to remove multiple files one-by-one.</doc>
<arguments>
<arg>D:\\_Projects\\MazeRunner_2020\\MazeRunner\\MazeRunner\\Teams\\TeamTemplate/tests/.coverage</arg>
</arguments>
<msg timestamp="20191223 15:14:32.909" level="INFO" html="yes">Removed file '&lt;a href="file://D:\_Projects\MazeRunner_2020\MazeRunner\MazeRunner\Teams\TeamTemplate\tests\.coverage"&gt;D:\_Projects\MazeRunner_2020\MazeRunner\MazeRunner\Teams\TeamTemplate\tests\.coverage&lt;/a&gt;'.</msg>
<status status="PASS" starttime="20191223 15:14:32.909" endtime="20191223 15:14:32.909"></status>
</kw>
<status status="PASS" starttime="20191223 15:14:30.334" endtime="20191223 15:14:32.909" critical="yes"></status>
</test>
<doc>Example test cases using the keyword-driven testing approach.

All tests contain a workflow constructed from keywords in
``CalculatorLibrary.py``. Creating new tests or editing
existing is easy even for people without programming skills.

The _keyword-driven_ appoach works well for normal test
automation, but the _gherkin_ style might be even better
if also business people need to understand tests. If the
same workflow needs to repeated multiple times, it is best
to use to the _data-driven_ approach.
Start command: robot &lt;robotfile&gt; , e.g. robot keyword_driven.robot</doc>
<status status="PASS" starttime="20191223 15:14:30.302" endtime="20191223 15:14:32.909"></status>
</suite>
<statistics>
<total>
<stat pass="1" fail="0">Critical Tests</stat>
<stat pass="1" fail="0">All Tests</stat>
</total>
<tag>
</tag>
<suite>
<stat pass="1" fail="0" id="s1" name="Run Unit Test">Run Unit Test</stat>
</suite>
</statistics>
<errors>
</errors>
</robot>
