<?xml version="1.0" encoding="UTF-8"?>
<robot generator="Robot 3.1.2 (Python 3.7.6rc1 on win32)" generated="20191225 11:23:28.369" rpa="false">
<suite id="s1" name="Run Solve Maze" source="D:\_Projects\MazeRunner_2020\MazeRunner\MazeRunner\Teams\TeamTemplate\run_solve_maze.robot">
<test id="s1-t1" name="RobotScriptSolveMaze">
<kw name="Teamtemplatealgo Start" library="TeamTemplateAlgoRobotLibrary">
<status status="PASS" starttime="20191225 11:23:28.463" endtime="20191225 11:23:28.470"></status>
</kw>
<kw name="Sleep" library="BuiltIn">
<doc>Pauses the test executed for the given time.</doc>
<arguments>
<arg>2s</arg>
</arguments>
<msg timestamp="20191225 11:23:30.472" level="INFO">Slept 2 seconds</msg>
<status status="PASS" starttime="20191225 11:23:28.471" endtime="20191225 11:23:30.472"></status>
</kw>
<kw name="Teamtemplatealgo Stop" library="TeamTemplateAlgoRobotLibrary">
<status status="PASS" starttime="20191225 11:23:30.473" endtime="20191225 11:23:30.473"></status>
</kw>
<status status="PASS" starttime="20191225 11:23:28.462" endtime="20191225 11:23:30.474" critical="yes"></status>
</test>
<doc>Example test cases using a keyword-driven testing approach.
</doc>
<status status="PASS" starttime="20191225 11:23:28.372" endtime="20191225 11:23:30.476"></status>
</suite>
<statistics>
<total>
<stat pass="1" fail="0">Critical Tests</stat>
<stat pass="1" fail="0">All Tests</stat>
</total>
<tag>
</tag>
<suite>
<stat pass="1" fail="0" id="s1" name="Run Solve Maze">Run Solve Maze</stat>
</suite>
</statistics>
<errors>
</errors>
</robot>
